  demo.c
C:\Users\Tang Chun Xuan\source\repos\Demo\demo.c(51,19): warning C4047: 'function': 'const char *' differs in levels of indirection from 'char'
C:\Users\Tang Chun Xuan\source\repos\Demo\demo.c(51,16): warning C4024: 'strcmp': different types for formal and actual parameter 1
C:\Users\Tang Chun Xuan\source\repos\Demo\demo.c(51,29): warning C4047: 'function': 'const char *' differs in levels of indirection from 'char'
C:\Users\Tang Chun Xuan\source\repos\Demo\demo.c(51,21): warning C4024: 'strcmp': different types for formal and actual parameter 2
C:\Users\Tang Chun Xuan\source\repos\Demo\demo.c(47,1): warning C4047: 'initializing': 'char' differs in levels of indirection from 'char [5]'
C:\Users\Tang Chun Xuan\source\repos\Demo\demo.c(79,16): warning C4013: 'toupper' undefined; assuming extern returning int
C:\Users\Tang Chun Xuan\source\repos\Demo\demo.c(86,9): warning C4129: ']': unrecognized character escape sequence
C:\Users\Tang Chun Xuan\source\repos\Demo\demo.c(86,9): warning C4778: 'scanf' : unterminated format string '%[^]'
C:\Users\Tang Chun Xuan\source\repos\Demo\demo.c(86,22): warning C4474: 'scanf' : too many arguments passed for format string
C:\Users\Tang Chun Xuan\source\repos\Demo\demo.c(86,22): message : placeholders and their parameters expect 0 variadic arguments, but 1 were provided
C:\Users\Tang Chun Xuan\source\repos\Demo\demo.c(113,15): warning C4129: ']': unrecognized character escape sequence
C:\Users\Tang Chun Xuan\source\repos\Demo\demo.c(113,15): warning C4778: 'fscanf' : unterminated format string '%[^] %d %d %d'
C:\Users\Tang Chun Xuan\source\repos\Demo\demo.c(113,82): warning C4474: 'fscanf' : too many arguments passed for format string
C:\Users\Tang Chun Xuan\source\repos\Demo\demo.c(113,82): message : placeholders and their parameters expect 2 variadic arguments, but 7 were provided
C:\Users\Tang Chun Xuan\source\repos\Demo\demo.c(116,10): warning C4477: 'printf' : format string '%s' requires an argument of type 'char *', but variadic argument 2 has type 'int'
C:\Users\Tang Chun Xuan\source\repos\Demo\demo.c(116,10): warning C4477: 'printf' : format string '%s' requires an argument of type 'char *', but variadic argument 3 has type 'int'
C:\Users\Tang Chun Xuan\source\repos\Demo\demo.c(116,10): warning C4477: 'printf' : format string '%s' requires an argument of type 'char *', but variadic argument 4 has type 'int'
C:\Users\Tang Chun Xuan\source\repos\Demo\demo.c(117,15): warning C4129: ']': unrecognized character escape sequence
C:\Users\Tang Chun Xuan\source\repos\Demo\demo.c(117,15): warning C4778: 'fscanf' : unterminated format string '%[^] %d %d %d'
C:\Users\Tang Chun Xuan\source\repos\Demo\demo.c(117,79): warning C4474: 'fscanf' : too many arguments passed for format string
C:\Users\Tang Chun Xuan\source\repos\Demo\demo.c(117,79): message : placeholders and their parameters expect 2 variadic arguments, but 7 were provided
C:\Users\Tang Chun Xuan\source\repos\Demo\demo.c(103,7): warning C4101: 'reply': unreferenced local variable
  Demo.vcxproj -> C:\Users\Tang Chun Xuan\source\repos\Demo\Debug\Demo.exe
